빌드 시작: 2024-01-10 오후 4:35:02
     1>2 노드의 "C:\Users\joo\Documents\Visual Studio 2015\Projects\ProjectCrypt\ProjectCrypt\ProjectCrypt.vcxproj" 프로젝트(Build 대상)입니다.
     1>ClCompile:
         C:\Program Files (x86)\Microsoft Visual Studio 14.0\VC\bin\CL.exe /c /ZI /nologo /W3 /WX- /sdl /Od /Oy- /D WIN32 /D _DEBUG /D _WINDOWS /D _UNICODE /D UNICODE /Gm /EHsc /RTC1 /MDd /GS /fp:precise /Zc:wchar_t /Zc:forScope /Zc:inline /Yc"stdafx.h" /Fp"Debug\ProjectCrypt.pch" /Fo"Debug\\" /Fd"Debug\vc140.pdb" /Gd /TP /analyze- /errorReport:prompt stdafx.cpp
         stdafx.cpp
         C:\Program Files (x86)\Microsoft Visual Studio 14.0\VC\bin\CL.exe /c /ZI /nologo /W3 /WX- /sdl /Od /Oy- /D WIN32 /D _DEBUG /D _WINDOWS /D _UNICODE /D UNICODE /Gm /EHsc /RTC1 /MDd /GS /fp:precise /Zc:wchar_t /Zc:forScope /Zc:inline /Yu"stdafx.h" /Fp"Debug\ProjectCrypt.pch" /Fo"Debug\\" /Fd"Debug\vc140.pdb" /Gd /TP /analyze- /errorReport:prompt Armor.cpp Bat.cpp Beat.cpp BeatMgr.cpp BitmapMgr.cpp Bomb.cpp Boss.cpp BossStage.cpp Chest.cpp Dragon.cpp Food.cpp GreenSlime.cpp Heart.cpp IceSlime.cpp Item.cpp ItemTorch.cpp Key.cpp KeyMgr.cpp Lobby.cpp Logo.cpp MainGame.cpp MainMenu.cpp Money.cpp Monster.cpp MyBitmap.cpp MyEdit.cpp Obj.cpp ObjMgr.cpp Player.cpp ProjectCrypt.cpp Scene.cpp SceneMgr.cpp ScrollMgr.cpp ShopKeeper.cpp Shovel.cpp Skeleton.cpp SoundMgr.cpp Spell.cpp Stage1.cpp Tile.cpp TileMgr.cpp TimeMgr.cpp Torch.cpp Trap.cpp Wall.cpp Weapon.cpp Zombie.cpp
         SoundMgr.cpp
         MyEdit.cpp
         MainGame.cpp
         BossStage.cpp
         코드를 생성하고 있습니다...
         건너뛰고 있습니다... (관련된 변경 내용 없음)
         Zombie.cpp
         Weapon.cpp
         Wall.cpp
         Trap.cpp
         Torch.cpp
         TimeMgr.cpp
         TileMgr.cpp
         Tile.cpp
         Stage1.cpp
         Spell.cpp
         Skeleton.cpp
         Shovel.cpp
         ShopKeeper.cpp
         ScrollMgr.cpp
         SceneMgr.cpp
         Scene.cpp
         ProjectCrypt.cpp
         Player.cpp
         ObjMgr.cpp
         Obj.cpp
         MyBitmap.cpp
         Monster.cpp
         Money.cpp
         MainMenu.cpp
         Logo.cpp
         Lobby.cpp
         KeyMgr.cpp
         Key.cpp
         ItemTorch.cpp
         Item.cpp
         IceSlime.cpp
         Heart.cpp
         GreenSlime.cpp
         Food.cpp
         Dragon.cpp
         Chest.cpp
         Boss.cpp
         Bomb.cpp
         BitmapMgr.cpp
         BeatMgr.cpp
         Beat.cpp
         Bat.cpp
         Armor.cpp
         C:\Program Files (x86)\Microsoft Visual Studio 14.0\VC\bin\CL.exe /c /ZI /nologo /W3 /WX- /sdl /Od /Oy- /D WIN32 /D _DEBUG /D _WINDOWS /D _UNICODE /D UNICODE /Gm /EHsc /RTC1 /MDd /GS /fp:precise /Zc:wchar_t /Zc:forScope /Zc:inline /Yu"stdafx.h" /Fp"Debug\ProjectCrypt.pch" /Fo"Debug\\" /Fd"Debug\vc140.pdb" /Gd /TP /analyze- /errorReport:prompt BroadSword.cpp Dagger.cpp LongSword.cpp
         건너뛰고 있습니다... (관련된 변경 내용 없음)
         LongSword.cpp
         Dagger.cpp
         BroadSword.cpp
       Link:
         C:\Program Files (x86)\Microsoft Visual Studio 14.0\VC\bin\link.exe /ERRORREPORT:PROMPT /OUT:"C:\Users\joo\Documents\Visual Studio 2015\Projects\ProjectCrypt\Debug\ProjectCrypt.exe" /INCREMENTAL /NOLOGO kernel32.lib user32.lib gdi32.lib winspool.lib comdlg32.lib advapi32.lib shell32.lib ole32.lib oleaut32.lib uuid.lib odbc32.lib odbccp32.lib /MANIFEST /MANIFESTUAC:"level='asInvoker' uiAccess='false'" /manifest:embed /Debug /PDB:"C:\Users\joo\Documents\Visual Studio 2015\Projects\ProjectCrypt\Debug\ProjectCrypt.pdb" /SUBSYSTEM:WINDOWS /TLBID:1 /DYNAMICBASE /NXCOMPAT /IMPLIB:"C:\Users\joo\Documents\Visual Studio 2015\Projects\ProjectCrypt\Debug\ProjectCrypt.lib" /MACHINE:X86 Debug\ProjectCrypt.res
         Debug\Armor.obj
         Debug\Bat.obj
         Debug\Beat.obj
         Debug\BeatMgr.obj
         Debug\BitmapMgr.obj
         Debug\Bomb.obj
         Debug\Boss.obj
         Debug\BossStage.obj
         Debug\Chest.obj
         Debug\Dragon.obj
         Debug\Food.obj
         Debug\Heart.obj
         Debug\IceSlime.obj
         Debug\Item.obj
         Debug\ItemTorch.obj
         Debug\Key.obj
         Debug\KeyMgr.obj
         Debug\Lobby.obj
         Debug\Logo.obj
         Debug\MainGame.obj
         Debug\MainMenu.obj
         Debug\Money.obj
         Debug\Monster.obj
         Debug\MyBitmap.obj
         Debug\MyEdit.obj
         Debug\Obj.obj
         Debug\ObjMgr.obj
         Debug\Player.obj
         Debug\ProjectCrypt.obj
         Debug\Scene.obj
         Debug\SceneMgr.obj
         Debug\ScrollMgr.obj
         Debug\GreenSlime.obj
         Debug\ShopKeeper.obj
         Debug\Shovel.obj
         Debug\Skeleton.obj
         Debug\SoundMgr.obj
         Debug\Spell.obj
         Debug\Stage1.obj
         Debug\stdafx.obj
         Debug\Tile.obj
         Debug\TileMgr.obj
         Debug\TimeMgr.obj
         Debug\Torch.obj
         Debug\Trap.obj
         Debug\Wall.obj
         Debug\Weapon.obj
         Debug\Zombie.obj
         Debug\BroadSword.obj
         Debug\Dagger.obj
         Debug\LongSword.obj
         ProjectCrypt.vcxproj -> C:\Users\joo\Documents\Visual Studio 2015\Projects\ProjectCrypt\Debug\ProjectCrypt.exe
     1>"C:\Users\joo\Documents\Visual Studio 2015\Projects\ProjectCrypt\ProjectCrypt\ProjectCrypt.vcxproj" 프로젝트를 빌드했습니다(Build 대상).

빌드했습니다.

경과 시간: 00:00:02.05
