c:\users\joo\documents\visual studio 2015\projects\projectcrypt\projectcrypt\debug\projectcrypt.pch
c:\users\joo\documents\visual studio 2015\projects\projectcrypt\projectcrypt\debug\vc140.pdb
c:\users\joo\documents\visual studio 2015\projects\projectcrypt\projectcrypt\debug\vc140.idb
c:\users\joo\documents\visual studio 2015\projects\projectcrypt\projectcrypt\debug\stdafx.obj
c:\users\joo\documents\visual studio 2015\projects\projectcrypt\projectcrypt\debug\projectcrypt.obj
c:\users\joo\documents\visual studio 2015\projects\projectcrypt\projectcrypt\debug\maingame.obj
c:\users\joo\documents\visual studio 2015\projects\projectcrypt\projectcrypt\debug\keymgr.obj
c:\users\joo\documents\visual studio 2015\projects\projectcrypt\projectcrypt\debug\obj.obj
c:\users\joo\documents\visual studio 2015\projects\projectcrypt\projectcrypt\debug\tile.obj
c:\users\joo\documents\visual studio 2015\projects\projectcrypt\projectcrypt\debug\logo.obj
c:\users\joo\documents\visual studio 2015\projects\projectcrypt\projectcrypt\debug\scene.obj
c:\users\joo\documents\visual studio 2015\projects\projectcrypt\projectcrypt\debug\tilemgr.obj
c:\users\joo\documents\visual studio 2015\projects\projectcrypt\projectcrypt\debug\editer.obj
c:\users\joo\documents\visual studio 2015\projects\projectcrypt\projectcrypt\debug\mainmenu.obj
c:\users\joo\documents\visual studio 2015\projects\projectcrypt\projectcrypt\debug\mybitmap.obj
c:\users\joo\documents\visual studio 2015\projects\projectcrypt\projectcrypt\debug\scenemgr.obj
c:\users\joo\documents\visual studio 2015\projects\projectcrypt\projectcrypt\debug\bitmapmgr.obj
c:\users\joo\documents\visual studio 2015\projects\projectcrypt\projectcrypt\debug\lobby.obj
c:\users\joo\documents\visual studio 2015\projects\projectcrypt\projectcrypt\debug\myedit.obj
c:\users\joo\documents\visual studio 2015\projects\projectcrypt\projectcrypt\debug\scrollmgr.obj
c:\users\joo\documents\visual studio 2015\projects\projectcrypt\projectcrypt\debug\floor.obj
c:\users\joo\documents\visual studio 2015\projects\projectcrypt\projectcrypt\debug\wall.obj
c:\users\joo\documents\visual studio 2015\projects\projectcrypt\projectcrypt\debug\objmgr.obj
c:\users\joo\documents\visual studio 2015\projects\projectcrypt\projectcrypt\debug\player.obj
c:\users\joo\documents\visual studio 2015\projects\projectcrypt\projectcrypt\debug\timemgr.obj
c:\users\joo\documents\visual studio 2015\projects\projectcrypt\projectcrypt\debug\beat.obj
c:\users\joo\documents\visual studio 2015\projects\projectcrypt\projectcrypt\debug\ui.obj
c:\users\joo\documents\visual studio 2015\projects\projectcrypt\projectcrypt\debug\uimgr.obj
c:\users\joo\documents\visual studio 2015\projects\projectcrypt\projectcrypt\debug\soundmgr.obj
c:\users\joo\documents\visual studio 2015\projects\projectcrypt\projectcrypt\debug\stage1.obj
c:\users\joo\documents\visual studio 2015\projects\projectcrypt\projectcrypt\debug\hud.obj
c:\users\joo\documents\visual studio 2015\projects\projectcrypt\projectcrypt\debug\beatmgr.obj
c:\users\joo\documents\visual studio 2015\projects\projectcrypt\debug\projectcrypt.ilk
c:\users\joo\documents\visual studio 2015\projects\projectcrypt\debug\projectcrypt.exe
c:\users\joo\documents\visual studio 2015\projects\projectcrypt\debug\projectcrypt.pdb
c:\users\joo\documents\visual studio 2015\projects\projectcrypt\projectcrypt\debug\projectcrypt.res
c:\users\joo\documents\visual studio 2015\projects\projectcrypt\projectcrypt\debug\projectcrypt.tlog\cl.command.1.tlog
c:\users\joo\documents\visual studio 2015\projects\projectcrypt\projectcrypt\debug\projectcrypt.tlog\cl.read.1.tlog
c:\users\joo\documents\visual studio 2015\projects\projectcrypt\projectcrypt\debug\projectcrypt.tlog\cl.write.1.tlog
c:\users\joo\documents\visual studio 2015\projects\projectcrypt\projectcrypt\debug\projectcrypt.tlog\link.command.1.tlog
c:\users\joo\documents\visual studio 2015\projects\projectcrypt\projectcrypt\debug\projectcrypt.tlog\link.read.1.tlog
c:\users\joo\documents\visual studio 2015\projects\projectcrypt\projectcrypt\debug\projectcrypt.tlog\link.write.1.tlog
c:\users\joo\documents\visual studio 2015\projects\projectcrypt\projectcrypt\debug\projectcrypt.tlog\rc.command.1.tlog
c:\users\joo\documents\visual studio 2015\projects\projectcrypt\projectcrypt\debug\projectcrypt.tlog\rc.read.1.tlog
c:\users\joo\documents\visual studio 2015\projects\projectcrypt\projectcrypt\debug\projectcrypt.tlog\rc.write.1.tlog
